<?xml version="1.0" encoding="UTF-8"?>
<!-- Generated by org.testng.reporters.JUnitXMLReporter -->
<testsuite hostname="DESKTOP-5TL98JR" ignored="0" name="Default test" tests="22" failures="0" timestamp="2020-06-19T13:29:18 IST" time="171.022" errors="0">
  <testcase name="Test_Browser_And_URL_Invoked_Correctly" time="40.943" classname="testCases.TestCases"/>
  <testcase name="Test_MainPage_Title_Matches_Correctly" time="3.282" classname="testCases.TestCases"/>
  <testcase name="Test_City_Is_Selected_Correctly" time="7.005" classname="testCases.TestCases"/>
  <testcase name="Test_Popup_Is_Ignored" time="2.232" classname="testCases.TestCases"/>
  <testcase name="Test_Signin_Button_Is_clicked" time="2.823" classname="testCases.TestCases"/>
  <testcase name="Test_Continue_Via_Google_Button_Is_Clicked" time="0.387" classname="testCases.TestCases"/>
  <testcase name="Test_Invalid_UserName" time="5.809" classname="testCases.TestCases"/>
  <testcase name="Test_Invalid_Password" time="7.122" classname="testCases.TestCases"/>
  <testcase name="Test_Blank_UserName" time="6.69" classname="testCases.TestCases"/>
  <testcase name="Test_Blank_Password" time="8.372" classname="testCases.TestCases"/>
  <testcase name="Test_Signing_In_Appears_Correctly" time="5.69" classname="testCases.TestCases"/>
  <testcase name="Test_Sports_Is_Clicked" time="20.113" classname="testCases.TestCases"/>
  <testcase name="Test_Sports_Available_Are_Displayed" time="3.161" classname="testCases.TestCases"/>
  <testcase name="Test_Weekend_Is_clicked" time="3.269" classname="testCases.TestCases"/>
  <testcase name="Test_Sports_Availabe_Are_Displayed_After_Selecting_Weekend" time="3.19" classname="testCases.TestCases"/>
  <testcase name="Test_PriceRange_Is_clicked" time="3.231" classname="testCases.TestCases"/>
  <testcase name="Test_Minimum_Is_clicked" time="3.442" classname="testCases.TestCases"/>
  <testcase name="Test_Sports_Availabe_Are_Displayed_After_Selecting_MinimumRange" time="6.64" classname="testCases.TestCases"/>
  <testcase name="Test_Window_Navigates_To_Movie_Page" time="30.314" classname="testCases.TestCases"/>
  <testcase name="Test_Movies_Are_Displayed" time="0.916" classname="testCases.TestCases"/>
  <testcase name="Test_Languages_Are_Extracted_And_Stored_In_List" time="0.995" classname="testCases.TestCases"/>
  <testcase name="Test_Languages_Are_Displayed" time="0.06" classname="testCases.TestCases"/>
</testsuite> <!-- Default test -->
